<?xml version="1.0" encoding="UTF-8"?>
<!-- Generated by org.testng.reporters.JUnitXMLReporter -->
<testsuite hostname="01LTP0053" name="Default test" tests="2" failures="0" timestamp="2 Jan 2017 06:42:58 GMT" time="339.839" errors="0">
  <testcase name="TC_001_ServiceNow_Login_TestCases" time="95.691" classname="com.ServiceNow.TestCases.ServiceNowLogin"/>
  <testcase name="incidentCreation" time="162.455" classname="com.ServiceNow.TestCases.ServiceNowLogin"/>
</testsuite> <!-- Default test -->
